<?xml version="1.0" encoding="UTF-8"?>
<!-- Generated by org.testng.reporters.JUnitReportReporter -->
<testsuite skipped="0" hostname="DESKTOP-LD2LT4V" name="pages.test.LoginPageTest" tests="1" failures="0" timestamp="2022-10-26T13:21:33 EDT" time="0.550" errors="0">
  <testcase name="verifyLoginBtn" time="0.550" classname="pages.test.LoginPageTest"/>
  <system-out/>
</testsuite> <!-- pages.test.LoginPageTest -->
